Performing C SOURCE FILE Test C_SUPPORTS_WERROR_DATE_TIME failed with the following output:
Change Dir: /usr/home/ck8418/dev/loom/build/CMakeFiles/CMakeTmp

Run Build Command:"/usr/local/bin/ninja" "cmTC_8b929"
[1/2] Building C object CMakeFiles/cmTC_8b929.dir/src.c.o
FAILED: /usr/bin/cc    -fPIC -DC_SUPPORTS_WERROR_DATE_TIME   -Werror -Werror=date-time -o CMakeFiles/cmTC_8b929.dir/src.c.o   -c src.c
error: unknown warning option '-Werror=date-time' [-Werror,-Wunknown-warning-option]
ninja: build stopped: subcommand failed.

Source file was:
int main(void) { return 0; }
Performing C++ SOURCE FILE Test CXX_SUPPORTS_WERROR_DATE_TIME failed with the following output:
Change Dir: /usr/home/ck8418/dev/loom/build/CMakeFiles/CMakeTmp

Run Build Command:"/usr/local/bin/ninja" "cmTC_2b173"
[1/2] Building CXX object CMakeFiles/cmTC_2b173.dir/src.cxx.o
FAILED: /usr/bin/CC     -fPIC -fvisibility-inlines-hidden -DCXX_SUPPORTS_WERROR_DATE_TIME   -Werror -Werror=date-time -o CMakeFiles/cmTC_2b173.dir/src.cxx.o -c src.cxx
error: unknown warning option '-Werror=date-time' [-Werror,-Wunknown-warning-option]
ninja: build stopped: subcommand failed.

Source file was:
int main() { return 0; }
Performing C SOURCE FILE Test C_SUPPORTS_FNO_FUNCTION_SECTIONS failed with the following output:
Change Dir: /usr/home/ck8418/dev/loom/build/CMakeFiles/CMakeTmp

Run Build Command:"/usr/local/bin/ninja" "cmTC_0ccc4"
[1/2] Building C object CMakeFiles/cmTC_0ccc4.dir/src.c.o
FAILED: /usr/bin/cc    -fPIC -fcolor-diagnostics -DC_SUPPORTS_FNO_FUNCTION_SECTIONS   -Werror -fno-function-sections -o CMakeFiles/cmTC_0ccc4.dir/src.c.o   -c src.c
cc: error: argument unused during compilation: '-fno-function-sections'
ninja: build stopped: subcommand failed.

Source file was:
int main(void) { return 0; }
